app/build/outputs/logs/manifest-merger-debug-report.txt
-- Merging decision tree log ---
manifest
ADDED from src/main/AndroidManifest.xml:2:1-46:12
	package
		ADDED from src/main/AndroidManifest.xml:3:5-44
		INJECTED from src/main/AndroidManifest.xml
		INJECTED from src/main/AndroidManifest.xml
	android:versionName
		INJECTED from src/main/AndroidManifest.xml
		INJECTED from src/main/AndroidManifest.xml
	xmlns:android
		ADDED from src/main/AndroidManifest.xml:2:11-69
	android:versionCode
		INJECTED from src/main/AndroidManifest.xml
		INJECTED from src/main/AndroidManifest.xml
application
ADDED from src/main/AndroidManifest.xml:5:5-44:19
MERGED from [com.android.support:design:23.0.1] AndroidManifest.xml:22:5-20
MERGED from [com.android.support:appcompat-v7:23.0.1] AndroidManifest.xml:22:5-20
MERGED from [com.android.support:support-v4:23.0.1] AndroidManifest.xml:22:5-20
	android:label
		ADDED from src/main/AndroidManifest.xml:8:9-41
	android:allowBackup
		ADDED from src/main/AndroidManifest.xml:6:9-35
	android:icon
		ADDED from src/main/AndroidManifest.xml:7:9-43
	android:theme
		ADDED from src/main/AndroidManifest.xml:9:9-47
activity#info.androidhive.materialtabs.activity.MainActivity
ADDED from src/main/AndroidManifest.xml:10:9-18:20
	android:label
		ADDED from src/main/AndroidManifest.xml:12:13-45
	android:name
		ADDED from src/main/AndroidManifest.xml:11:13-50
intent-filter#android.intent.action.MAIN+android.intent.category.LAUNCHER
ADDED from src/main/AndroidManifest.xml:13:13-17:29
action#android.intent.action.MAIN
ADDED from src/main/AndroidManifest.xml:14:17-69
	android:name
		ADDED from src/main/AndroidManifest.xml:14:25-66
category#android.intent.category.LAUNCHER
ADDED from src/main/AndroidManifest.xml:16:17-77
	android:name
		ADDED from src/main/AndroidManifest.xml:16:27-74
activity#info.androidhive.materialtabs.activity.ScrollableTabsActivity
ADDED from src/main/AndroidManifest.xml:19:9-23:20
	android:label
		ADDED from src/main/AndroidManifest.xml:21:13-67
	android:parentActivityName
		ADDED from src/main/AndroidManifest.xml:22:13-64
	android:name
		ADDED from src/main/AndroidManifest.xml:20:13-60
activity#info.androidhive.materialtabs.activity.SimpleTabsActivity
ADDED from src/main/AndroidManifest.xml:24:9-28:20
	android:label
		ADDED from src/main/AndroidManifest.xml:26:13-63
	android:parentActivityName
		ADDED from src/main/AndroidManifest.xml:27:13-64
	android:name
		ADDED from src/main/AndroidManifest.xml:25:13-56
activity#info.androidhive.materialtabs.activity.IconTextTabsActivity
ADDED from src/main/AndroidManifest.xml:29:9-33:20
	android:label
		ADDED from src/main/AndroidManifest.xml:31:13-66
	android:parentActivityName
		ADDED from src/main/AndroidManifest.xml:32:13-64
	android:name
		ADDED from src/main/AndroidManifest.xml:30:13-58
activity#info.androidhive.materialtabs.activity.IconTabsActivity
ADDED from src/main/AndroidManifest.xml:34:9-38:20
	android:label
		ADDED from src/main/AndroidManifest.xml:36:13-61
	android:parentActivityName
		ADDED from src/main/AndroidManifest.xml:37:13-64
	android:name
		ADDED from src/main/AndroidManifest.xml:35:13-54
activity#info.androidhive.materialtabs.activity.CustomViewIconTextTabsActivity
ADDED from src/main/AndroidManifest.xml:39:9-43:20
	android:label
		ADDED from src/main/AndroidManifest.xml:41:13-78
	android:parentActivityName
		ADDED from src/main/AndroidManifest.xml:42:13-64
	android:name
		ADDED from src/main/AndroidManifest.xml:40:13-68
uses-sdk
INJECTED from src/main/AndroidManifest.xml reason: use-sdk injection requested
MERGED from [com.android.support:design:23.0.1] AndroidManifest.xml:20:5-43
MERGED from [com.android.support:appcompat-v7:23.0.1] AndroidManifest.xml:20:5-43
MERGED from [com.android.support:support-v4:23.0.1] AndroidManifest.xml:20:5-43
	android:targetSdkVersion
		INJECTED from src/main/AndroidManifest.xml
		INJECTED from src/main/AndroidManifest.xml
	android:minSdkVersion
		INJECTED from src/main/AndroidManifest.xml
		INJECTED from src/main/AndroidManifest.xml